<?xml version="1.0" encoding="UTF-8"?>
<!-- Generated by org.testng.reporters.JUnitReportReporter -->
<testsuite hostname="VIJAY" failures="0" tests="5" name="com.sportyshoe.Tests.RegisterPageTest" time="1.979" errors="0" timestamp="2023-11-15T14:19:47 IST" skipped="0">
  <testcase classname="com.sportyshoe.Tests.RegisterPageTest" name="test_click_register_link" time="1.618"/>
  <system-out/>
  <testcase classname="com.sportyshoe.Tests.RegisterPageTest" name="test_getTitle_page" time="0.014"/>
  <system-out/>
  <testcase classname="com.sportyshoe.Tests.RegisterPageTest" name="Test_register_user" time="0.276"/>
  <system-out/>
  <testcase classname="com.sportyshoe.Tests.RegisterPageTest" name="Test_validate_registration_URL" time="0.028"/>
  <system-out/>
  <testcase classname="com.sportyshoe.Tests.RegisterPageTest" name="Test_validate_registration_Text" time="0.043"/>
  <system-out/>
</testsuite> <!-- com.sportyshoe.Tests.RegisterPageTest -->
