<?xml version="1.0" encoding="UTF-8"?>
<!-- Generated by org.testng.reporters.JUnitReportReporter -->
<testsuite hostname="VIJAY" failures="0" tests="3" name="com.sportyshoe.Tests.AddtoCartPageTest" time="0.416" errors="0" timestamp="2023-11-15T14:19:47 IST" skipped="0">
  <testcase classname="com.sportyshoe.Tests.AddtoCartPageTest" name="test_login" time="0.302"/>
  <system-out/>
  <testcase classname="com.sportyshoe.Tests.AddtoCartPageTest" name="test_add_product_to_cart" time="0.078"/>
  <system-out/>
  <testcase classname="com.sportyshoe.Tests.AddtoCartPageTest" name="test_validate_success_message" time="0.036"/>
  <system-out/>
</testsuite> <!-- com.sportyshoe.Tests.AddtoCartPageTest -->
