<?xml version="1.0" encoding="UTF-8"?>
<!-- Generated by org.testng.reporters.JUnitReportReporter -->
<testsuite hostname="VIJAY" failures="0" tests="3" name="com.sportyshoe.Tests.OrderPageTest" time="0.463" errors="0" timestamp="2023-11-15T14:19:47 IST" skipped="0">
  <testcase classname="com.sportyshoe.Tests.OrderPageTest" name="test_login" time="0.317"/>
  <system-out/>
  <testcase classname="com.sportyshoe.Tests.OrderPageTest" name="test_click_orders" time="0.125"/>
  <system-out/>
  <testcase classname="com.sportyshoe.Tests.OrderPageTest" name="test_getTitle_page" time="0.021"/>
  <system-out/>
</testsuite> <!-- com.sportyshoe.Tests.OrderPageTest -->
