<?xml version="1.0" encoding="UTF-8"?>
<!-- Generated by org.testng.reporters.JUnitReportReporter -->
<testsuite hostname="VIJAY" failures="0" tests="4" name="com.sportyshoe.Tests.LoginPageTest" time="0.488" errors="0" timestamp="2023-11-15T14:19:47 IST" skipped="0">
  <testcase classname="com.sportyshoe.Tests.LoginPageTest" name="test_login" time="0.274"/>
  <system-out/>
  <testcase classname="com.sportyshoe.Tests.LoginPageTest" name="test_getTitle_page" time="0.012"/>
  <system-out/>
  <testcase classname="com.sportyshoe.Tests.LoginPageTest" name="Test_validate_registration_Text" time="0.067"/>
  <system-out/>
  <testcase classname="com.sportyshoe.Tests.LoginPageTest" name="test_click_cart" time="0.135"/>
  <system-out/>
</testsuite> <!-- com.sportyshoe.Tests.LoginPageTest -->
