<?xml version="1.0" encoding="UTF-8"?>
<!-- Generated by org.testng.reporters.JUnitReportReporter -->
<testsuite hostname="VIJAY" failures="0" tests="1" name="com.sporty.shoe.RestAssuredScripts.DeleteShoe" time="1.533" errors="0" timestamp="2023-11-14T20:05:39 IST" skipped="0">
  <testcase classname="com.sporty.shoe.RestAssuredScripts.DeleteShoe" name="delete_product" time="1.533"/>
  <system-out/>
</testsuite> <!-- com.sporty.shoe.RestAssuredScripts.DeleteShoe -->
