<?xml version="1.0" encoding="UTF-8"?>
<!-- Generated by org.testng.reporters.JUnitReportReporter -->
<testsuite hostname="VIJAY" failures="0" tests="1" name="com.sporty.shoe.RestAssuredScripts.PostNewShoe" time="1.610" errors="0" timestamp="2023-11-14T19:57:01 IST" skipped="0">
  <testcase classname="com.sporty.shoe.RestAssuredScripts.PostNewShoe" name="AddNewShoe" time="1.610"/>
  <system-out/>
</testsuite> <!-- com.sporty.shoe.RestAssuredScripts.PostNewShoe -->
