<?xml version="1.0" encoding="UTF-8"?>
<!-- Generated by org.testng.reporters.JUnitReportReporter -->
<testsuite hostname="VIJAY" failures="0" tests="1" name="com.sporty.shoe.RestAssuredScripts.PutUpdateShoe" time="1.852" errors="0" timestamp="2023-11-14T19:49:04 IST" skipped="0">
  <testcase classname="com.sporty.shoe.RestAssuredScripts.PutUpdateShoe" name="update_a_product" time="1.852"/>
  <system-out/>
</testsuite> <!-- com.sporty.shoe.RestAssuredScripts.PutUpdateShoe -->
