<?xml version="1.0" encoding="UTF-8"?>
<!-- Generated by org.testng.reporters.JUnitReportReporter -->
<testsuite hostname="VIJAY" failures="0" tests="1" name="com.sporty.shoe.RestAssuredScripts.GetAllShoes" time="1.708" errors="0" timestamp="2023-11-14T19:57:24 IST" skipped="0">
  <testcase classname="com.sporty.shoe.RestAssuredScripts.GetAllShoes" name="get_all_shoes" time="1.708"/>
  <system-out/>
</testsuite> <!-- com.sporty.shoe.RestAssuredScripts.GetAllShoes -->
