<?xml version="1.0" encoding="UTF-8"?>
<!-- Generated by org.testng.reporters.JUnitReportReporter -->
<testsuite hostname="VIJAY" failures="0" tests="1" name="com.sporty.shoe.RestAssuredScripts.GetAllUsers" time="1.629" errors="0" timestamp="2023-11-14T20:02:08 IST" skipped="0">
  <testcase classname="com.sporty.shoe.RestAssuredScripts.GetAllUsers" name="get_all_users" time="1.629"/>
  <system-out/>
</testsuite> <!-- com.sporty.shoe.RestAssuredScripts.GetAllUsers -->
